-- Found ament_cmake: 1.3.11 (/opt/ros/humble/share/ament_cmake/cmake)
-- Found rclcpp: 16.0.11 (/opt/ros/humble/share/rclcpp/cmake)
-- Found rosidl_generator_c: 3.1.6 (/opt/ros/humble/share/rosidl_generator_c/cmake)
-- Found rosidl_adapter: 3.1.6 (/opt/ros/humble/share/rosidl_adapter/cmake)
-- Found rosidl_generator_cpp: 3.1.6 (/opt/ros/humble/share/rosidl_generator_cpp/cmake)
-- Using all available rosidl_typesupport_c: rosidl_typesupport_fastrtps_c;rosidl_typesupport_introspection_c
-- Using all available rosidl_typesupport_cpp: rosidl_typesupport_fastrtps_cpp;rosidl_typesupport_introspection_cpp
-- Found rmw_implementation_cmake: 6.1.2 (/opt/ros/humble/share/rmw_implementation_cmake/cmake)
-- Found rmw_fastrtps_cpp: 6.2.7 (/opt/ros/humble/share/rmw_fastrtps_cpp/cmake)
-- Using RMW implementation 'rmw_fastrtps_cpp' as default
-- Found ament_lint_auto: 0.12.11 (/opt/ros/humble/share/ament_lint_auto/cmake)
-- Added test 'cppcheck' to perform static code analysis on C / C++ code
-- Configured cppcheck include dirs: 
-- Configured cppcheck exclude dirs and/or files: 
-- Added test 'lint_cmake' to check CMake code style
-- Added test 'uncrustify' to check C / C++ code style
-- Configured uncrustify additional arguments: 
-- Added test 'xmllint' to check XML markup files
-- Configuring done
-- Generating done
-- Build files have been written to: /home/leyla/Desktop/clase1/ejemplo1_ws/build/cpp_pubsub
[ 50%] [32mBuilding CXX object CMakeFiles/pub_c.dir/src/pub.cpp.o[0m
[01m[K/home/leyla/Desktop/clase1/ejemplo1_ws/src/cpp_pubsub/src/pub.cpp:[m[K In member function â€˜[01m[Kvoid Pub::timer_callback()[m[Kâ€™:
[01m[K/home/leyla/Desktop/clase1/ejemplo1_ws/src/cpp_pubsub/src/pub.cpp:29:33:[m[K [01;31m[Kerror: [m[Kâ€˜[01m[Kstd_msg[m[Kâ€™ was not declared in this scope; did you mean â€˜[01m[Kstd_msgs[m[Kâ€™?
   29 |     auto msg = std::make_unique<[01;31m[Kstd_msg[m[K::msg::String>();
      |                                 [01;31m[K^~~~~~~[m[K
      |                                 [32m[Kstd_msgs[m[K
[01m[K/home/leyla/Desktop/clase1/ejemplo1_ws/src/cpp_pubsub/src/pub.cpp:29:21:[m[K [01;31m[Kerror: [m[Kparse error in template argument list
   29 |     auto msg = std::[01;31m[Kmake_unique<std_msg::msg::String>[m[K();
      |                     [01;31m[K^~~~~~~~~~~~~~~~~~~~~~~~~~~~~~~~~[m[K
[01m[K/home/leyla/Desktop/clase1/ejemplo1_ws/src/cpp_pubsub/src/pub.cpp:29:54:[m[K [01;31m[Kerror: [m[Kno matching function for call to â€˜[01m[Kmake_unique<<expression error> >()[m[Kâ€™
   29 |     auto msg = [01;31m[Kstd::make_unique<std_msg::msg::String>()[m[K;
      |                [01;31m[K~~~~~~~~~~~~~~~~~~~~~~~~~~~~~~~~~~~~~~^~[m[K
In file included from [01m[K/usr/include/c++/11/memory:76[m[K,
                 from [01m[K/home/leyla/Desktop/clase1/ejemplo1_ws/src/cpp_pubsub/src/pub.cpp:3[m[K:
[01m[K/usr/include/c++/11/bits/unique_ptr.h:961:5:[m[K [01;36m[Knote: [m[Kcandidate: â€˜[01m[Ktemplate<class _Tp, class ... _Args> typename std::_MakeUniq<_Tp>::__single_object std::make_unique(_Args&& ...)[m[Kâ€™
  961 |     [01;36m[Kmake_unique[m[K(_Args&&... __args)
      |     [01;36m[K^~~~~~~~~~~[m[K
[01m[K/usr/include/c++/11/bits/unique_ptr.h:961:5:[m[K [01;36m[Knote: [m[K  template argument deduction/substitution failed:
[01m[K/home/leyla/Desktop/clase1/ejemplo1_ws/src/cpp_pubsub/src/pub.cpp:29:54:[m[K [01;31m[Kerror: [m[Ktemplate argument 1 is invalid
   29 |     auto msg = [01;31m[Kstd::make_unique<std_msg::msg::String>()[m[K;
      |                [01;31m[K~~~~~~~~~~~~~~~~~~~~~~~~~~~~~~~~~~~~~~^~[m[K
In file included from [01m[K/usr/include/c++/11/memory:76[m[K,
                 from [01m[K/home/leyla/Desktop/clase1/ejemplo1_ws/src/cpp_pubsub/src/pub.cpp:3[m[K:
[01m[K/usr/include/c++/11/bits/unique_ptr.h:967:5:[m[K [01;36m[Knote: [m[Kcandidate: â€˜[01m[Ktemplate<class _Tp> typename std::_MakeUniq<_Tp>::__array std::make_unique(std::size_t)[m[Kâ€™
  967 |     [01;36m[Kmake_unique[m[K(size_t __num)
      |     [01;36m[K^~~~~~~~~~~[m[K
[01m[K/usr/include/c++/11/bits/unique_ptr.h:967:5:[m[K [01;36m[Knote: [m[K  template argument deduction/substitution failed:
[01m[K/home/leyla/Desktop/clase1/ejemplo1_ws/src/cpp_pubsub/src/pub.cpp:29:54:[m[K [01;31m[Kerror: [m[Ktemplate argument 1 is invalid
   29 |     auto msg = [01;31m[Kstd::make_unique<std_msg::msg::String>()[m[K;
      |                [01;31m[K~~~~~~~~~~~~~~~~~~~~~~~~~~~~~~~~~~~~~~^~[m[K
In file included from [01m[K/usr/include/c++/11/memory:76[m[K,
                 from [01m[K/home/leyla/Desktop/clase1/ejemplo1_ws/src/cpp_pubsub/src/pub.cpp:3[m[K:
[01m[K/usr/include/c++/11/bits/unique_ptr.h:973:5:[m[K [01;36m[Knote: [m[Kcandidate: â€˜[01m[Ktemplate<class _Tp, class ... _Args> typename std::_MakeUniq<_Tp>::__invalid_type std::make_unique(_Args&& ...)[m[Kâ€™ (deleted)
  973 |     [01;36m[Kmake_unique[m[K(_Args&&...) = delete;
      |     [01;36m[K^~~~~~~~~~~[m[K
[01m[K/usr/include/c++/11/bits/unique_ptr.h:973:5:[m[K [01;36m[Knote: [m[K  template argument deduction/substitution failed:
[01m[K/home/leyla/Desktop/clase1/ejemplo1_ws/src/cpp_pubsub/src/pub.cpp:29:54:[m[K [01;31m[Kerror: [m[Ktemplate argument 1 is invalid
   29 |     auto msg = [01;31m[Kstd::make_unique<std_msg::msg::String>()[m[K;
      |                [01;31m[K~~~~~~~~~~~~~~~~~~~~~~~~~~~~~~~~~~~~~~^~[m[K
gmake[2]: *** [CMakeFiles/pub_c.dir/build.make:76: CMakeFiles/pub_c.dir/src/pub.cpp.o] Error 1
gmake[1]: *** [CMakeFiles/Makefile2:137: CMakeFiles/pub_c.dir/all] Error 2
gmake: *** [Makefile:146: all] Error 2
