-- Found ament_cmake: 1.3.11 (/opt/ros/humble/share/ament_cmake/cmake)
-- Found rclcpp: 16.0.11 (/opt/ros/humble/share/rclcpp/cmake)
-- Found rosidl_generator_c: 3.1.6 (/opt/ros/humble/share/rosidl_generator_c/cmake)
-- Found rosidl_adapter: 3.1.6 (/opt/ros/humble/share/rosidl_adapter/cmake)
-- Found rosidl_generator_cpp: 3.1.6 (/opt/ros/humble/share/rosidl_generator_cpp/cmake)
-- Using all available rosidl_typesupport_c: rosidl_typesupport_fastrtps_c;rosidl_typesupport_introspection_c
-- Using all available rosidl_typesupport_cpp: rosidl_typesupport_fastrtps_cpp;rosidl_typesupport_introspection_cpp
-- Found rmw_implementation_cmake: 6.1.2 (/opt/ros/humble/share/rmw_implementation_cmake/cmake)
-- Found rmw_fastrtps_cpp: 6.2.7 (/opt/ros/humble/share/rmw_fastrtps_cpp/cmake)
-- Using RMW implementation 'rmw_fastrtps_cpp' as default
-- Found ament_lint_auto: 0.12.11 (/opt/ros/humble/share/ament_lint_auto/cmake)
-- Added test 'cppcheck' to perform static code analysis on C / C++ code
-- Configured cppcheck include dirs: 
-- Configured cppcheck exclude dirs and/or files: 
-- Added test 'lint_cmake' to check CMake code style
-- Added test 'uncrustify' to check C / C++ code style
-- Configured uncrustify additional arguments: 
-- Added test 'xmllint' to check XML markup files
-- Configuring done
-- Generating done
-- Build files have been written to: /home/leyla/Desktop/clase1/ejemplo1_ws/build/cpp_pubsub
[35m[1mConsolidate compiler generated dependencies of target pub_c[0m
[ 50%] [32mBuilding CXX object CMakeFiles/pub_c.dir/src/pub.cpp.o[0m
[01m[K/home/leyla/Desktop/clase1/ejemplo1_ws/src/cpp_pubsub/src/pub.cpp:[m[K In member function â€˜[01m[Kvoid Pub::timer_callback()[m[Kâ€™:
[01m[K/home/leyla/Desktop/clase1/ejemplo1_ws/src/cpp_pubsub/src/pub.cpp:30:9:[m[K [01;31m[Kerror: [m[Kâ€˜[01m[Kclass std::unique_ptr<std_msgs::msg::String_<std::allocator<void> >, std::default_delete<std_msgs::msg::String_<std::allocator<void> > > >[m[Kâ€™ has no member named â€˜[01m[Kdata[m[Kâ€™
   30 |     msg.[01;31m[Kdata[m[K = "Hello, class! " ;
      |         [01;31m[K^~~~[m[K
gmake[2]: *** [CMakeFiles/pub_c.dir/build.make:76: CMakeFiles/pub_c.dir/src/pub.cpp.o] Error 1
gmake[1]: *** [CMakeFiles/Makefile2:137: CMakeFiles/pub_c.dir/all] Error 2
gmake: *** [Makefile:146: all] Error 2
