[0.009s] Invoking command in '/home/leyla/Desktop/clase1/ejemplo1_ws/build/cpp_pubsub': CMAKE_PREFIX_PATH=${CMAKE_PREFIX_PATH}:/home/leyla/Desktop/clase1/ejemplo1_ws/install/my_package_class:/home/leyla/Desktop/robotica_ws/install/my_package:/opt/ros/humble /usr/bin/cmake --build /home/leyla/Desktop/clase1/ejemplo1_ws/build/cpp_pubsub -- -j20 -l20
[0.035s] [35m[1mConsolidate compiler generated dependencies of target pub_c[0m
[0.047s] [ 50%] [32mBuilding CXX object CMakeFiles/pub_c.dir/src/pub.cpp.o[0m
[1.168s] [01m[K/home/leyla/Desktop/clase1/ejemplo1_ws/src/cpp_pubsub/src/pub.cpp:[m[K In member function â€˜[01m[Kvoid Pub::timer_callback()[m[Kâ€™:
[1.168s] [01m[K/home/leyla/Desktop/clase1/ejemplo1_ws/src/cpp_pubsub/src/pub.cpp:29:33:[m[K [01;31m[Kerror: [m[Kâ€˜[01m[Kstd_msg[m[Kâ€™ was not declared in this scope; did you mean â€˜[01m[Kstd_msgs[m[Kâ€™?
[1.168s]    29 |     auto msg = std::make_unique<[01;31m[Kstd_msg[m[K::msg::String>();
[1.168s]       |                                 [01;31m[K^~~~~~~[m[K
[1.168s]       |                                 [32m[Kstd_msgs[m[K
[1.168s] [01m[K/home/leyla/Desktop/clase1/ejemplo1_ws/src/cpp_pubsub/src/pub.cpp:29:21:[m[K [01;31m[Kerror: [m[Kparse error in template argument list
[1.168s]    29 |     auto msg = std::[01;31m[Kmake_unique<std_msg::msg::String>[m[K();
[1.168s]       |                     [01;31m[K^~~~~~~~~~~~~~~~~~~~~~~~~~~~~~~~~[m[K
[1.168s] [01m[K/home/leyla/Desktop/clase1/ejemplo1_ws/src/cpp_pubsub/src/pub.cpp:29:54:[m[K [01;31m[Kerror: [m[Kno matching function for call to â€˜[01m[Kmake_unique<<expression error> >()[m[Kâ€™
[1.168s]    29 |     auto msg = [01;31m[Kstd::make_unique<std_msg::msg::String>()[m[K;
[1.168s]       |                [01;31m[K~~~~~~~~~~~~~~~~~~~~~~~~~~~~~~~~~~~~~~^~[m[K
[1.168s] In file included from [01m[K/usr/include/c++/11/memory:76[m[K,
[1.168s]                  from [01m[K/home/leyla/Desktop/clase1/ejemplo1_ws/src/cpp_pubsub/src/pub.cpp:3[m[K:
[1.168s] [01m[K/usr/include/c++/11/bits/unique_ptr.h:961:5:[m[K [01;36m[Knote: [m[Kcandidate: â€˜[01m[Ktemplate<class _Tp, class ... _Args> typename std::_MakeUniq<_Tp>::__single_object std::make_unique(_Args&& ...)[m[Kâ€™
[1.168s]   961 |     [01;36m[Kmake_unique[m[K(_Args&&... __args)
[1.168s]       |     [01;36m[K^~~~~~~~~~~[m[K
[1.168s] [01m[K/usr/include/c++/11/bits/unique_ptr.h:961:5:[m[K [01;36m[Knote: [m[K  template argument deduction/substitution failed:
[1.168s] [01m[K/home/leyla/Desktop/clase1/ejemplo1_ws/src/cpp_pubsub/src/pub.cpp:29:54:[m[K [01;31m[Kerror: [m[Ktemplate argument 1 is invalid
[1.168s]    29 |     auto msg = [01;31m[Kstd::make_unique<std_msg::msg::String>()[m[K;
[1.168s]       |                [01;31m[K~~~~~~~~~~~~~~~~~~~~~~~~~~~~~~~~~~~~~~^~[m[K
[1.168s] In file included from [01m[K/usr/include/c++/11/memory:76[m[K,
[1.168s]                  from [01m[K/home/leyla/Desktop/clase1/ejemplo1_ws/src/cpp_pubsub/src/pub.cpp:3[m[K:
[1.168s] [01m[K/usr/include/c++/11/bits/unique_ptr.h:967:5:[m[K [01;36m[Knote: [m[Kcandidate: â€˜[01m[Ktemplate<class _Tp> typename std::_MakeUniq<_Tp>::__array std::make_unique(std::size_t)[m[Kâ€™
[1.168s]   967 |     [01;36m[Kmake_unique[m[K(size_t __num)
[1.168s]       |     [01;36m[K^~~~~~~~~~~[m[K
[1.168s] [01m[K/usr/include/c++/11/bits/unique_ptr.h:967:5:[m[K [01;36m[Knote: [m[K  template argument deduction/substitution failed:
[1.168s] [01m[K/home/leyla/Desktop/clase1/ejemplo1_ws/src/cpp_pubsub/src/pub.cpp:29:54:[m[K [01;31m[Kerror: [m[Ktemplate argument 1 is invalid
[1.168s]    29 |     auto msg = [01;31m[Kstd::make_unique<std_msg::msg::String>()[m[K;
[1.168s]       |                [01;31m[K~~~~~~~~~~~~~~~~~~~~~~~~~~~~~~~~~~~~~~^~[m[K
[1.168s] In file included from [01m[K/usr/include/c++/11/memory:76[m[K,
[1.168s]                  from [01m[K/home/leyla/Desktop/clase1/ejemplo1_ws/src/cpp_pubsub/src/pub.cpp:3[m[K:
[1.168s] [01m[K/usr/include/c++/11/bits/unique_ptr.h:973:5:[m[K [01;36m[Knote: [m[Kcandidate: â€˜[01m[Ktemplate<class _Tp, class ... _Args> typename std::_MakeUniq<_Tp>::__invalid_type std::make_unique(_Args&& ...)[m[Kâ€™ (deleted)
[1.168s]   973 |     [01;36m[Kmake_unique[m[K(_Args&&...) = delete;
[1.168s]       |     [01;36m[K^~~~~~~~~~~[m[K
[1.168s] [01m[K/usr/include/c++/11/bits/unique_ptr.h:973:5:[m[K [01;36m[Knote: [m[K  template argument deduction/substitution failed:
[1.168s] [01m[K/home/leyla/Desktop/clase1/ejemplo1_ws/src/cpp_pubsub/src/pub.cpp:29:54:[m[K [01;31m[Kerror: [m[Ktemplate argument 1 is invalid
[1.168s]    29 |     auto msg = [01;31m[Kstd::make_unique<std_msg::msg::String>()[m[K;
[1.168s]       |                [01;31m[K~~~~~~~~~~~~~~~~~~~~~~~~~~~~~~~~~~~~~~^~[m[K
[1.515s] gmake[2]: *** [CMakeFiles/pub_c.dir/build.make:76: CMakeFiles/pub_c.dir/src/pub.cpp.o] Error 1
[1.516s] gmake[1]: *** [CMakeFiles/Makefile2:137: CMakeFiles/pub_c.dir/all] Error 2
[1.516s] gmake: *** [Makefile:146: all] Error 2
[1.518s] Invoked command in '/home/leyla/Desktop/clase1/ejemplo1_ws/build/cpp_pubsub' returned '2': CMAKE_PREFIX_PATH=${CMAKE_PREFIX_PATH}:/home/leyla/Desktop/clase1/ejemplo1_ws/install/my_package_class:/home/leyla/Desktop/robotica_ws/install/my_package:/opt/ros/humble /usr/bin/cmake --build /home/leyla/Desktop/clase1/ejemplo1_ws/build/cpp_pubsub -- -j20 -l20
