[0.008s] Invoking command in '/home/leyla/Desktop/clase1/ejemplo1_ws/build/cpp_pubsub': CMAKE_PREFIX_PATH=${CMAKE_PREFIX_PATH}:/home/leyla/Desktop/clase1/ejemplo1_ws/install/my_package_class:/home/leyla/Desktop/robotica_ws/install/my_package:/opt/ros/humble /usr/bin/cmake --build /home/leyla/Desktop/clase1/ejemplo1_ws/build/cpp_pubsub -- -j20 -l20
[0.026s] -- Found ament_cmake: 1.3.11 (/opt/ros/humble/share/ament_cmake/cmake)
[0.108s] -- Found rclcpp: 16.0.11 (/opt/ros/humble/share/rclcpp/cmake)
[0.124s] -- Found rosidl_generator_c: 3.1.6 (/opt/ros/humble/share/rosidl_generator_c/cmake)
[0.125s] -- Found rosidl_adapter: 3.1.6 (/opt/ros/humble/share/rosidl_adapter/cmake)
[0.129s] -- Found rosidl_generator_cpp: 3.1.6 (/opt/ros/humble/share/rosidl_generator_cpp/cmake)
[0.135s] -- Using all available rosidl_typesupport_c: rosidl_typesupport_fastrtps_c;rosidl_typesupport_introspection_c
[0.142s] -- Using all available rosidl_typesupport_cpp: rosidl_typesupport_fastrtps_cpp;rosidl_typesupport_introspection_cpp
[0.161s] -- Found rmw_implementation_cmake: 6.1.2 (/opt/ros/humble/share/rmw_implementation_cmake/cmake)
[0.162s] -- Found rmw_fastrtps_cpp: 6.2.7 (/opt/ros/humble/share/rmw_fastrtps_cpp/cmake)
[0.223s] -- Using RMW implementation 'rmw_fastrtps_cpp' as default
[0.249s] -- Found ament_lint_auto: 0.12.11 (/opt/ros/humble/share/ament_lint_auto/cmake)
[0.284s] -- Added test 'cppcheck' to perform static code analysis on C / C++ code
[0.284s] -- Configured cppcheck include dirs: 
[0.284s] -- Configured cppcheck exclude dirs and/or files: 
[0.284s] -- Added test 'lint_cmake' to check CMake code style
[0.285s] -- Added test 'uncrustify' to check C / C++ code style
[0.285s] -- Configured uncrustify additional arguments: 
[0.285s] -- Added test 'xmllint' to check XML markup files
[0.285s] -- Configuring done
[0.289s] -- Generating done
[0.291s] -- Build files have been written to: /home/leyla/Desktop/clase1/ejemplo1_ws/build/cpp_pubsub
[0.309s] [35m[1mConsolidate compiler generated dependencies of target pub_c[0m
[0.322s] [ 50%] [32mBuilding CXX object CMakeFiles/pub_c.dir/src/pub.cpp.o[0m
[1.381s] [01m[K/home/leyla/Desktop/clase1/ejemplo1_ws/src/cpp_pubsub/src/pub.cpp:[m[K In member function â€˜[01m[Kvoid Pub::timer_callback()[m[Kâ€™:
[1.381s] [01m[K/home/leyla/Desktop/clase1/ejemplo1_ws/src/cpp_pubsub/src/pub.cpp:29:33:[m[K [01;31m[Kerror: [m[Kâ€˜[01m[Kstd_msg[m[Kâ€™ was not declared in this scope; did you mean â€˜[01m[Kstd_msgs[m[Kâ€™?
[1.381s]    29 |     auto msg = std::make_unique<[01;31m[Kstd_msg[m[K::msg::String>();
[1.381s]       |                                 [01;31m[K^~~~~~~[m[K
[1.381s]       |                                 [32m[Kstd_msgs[m[K
[1.381s] [01m[K/home/leyla/Desktop/clase1/ejemplo1_ws/src/cpp_pubsub/src/pub.cpp:29:21:[m[K [01;31m[Kerror: [m[Kparse error in template argument list
[1.381s]    29 |     auto msg = std::[01;31m[Kmake_unique<std_msg::msg::String>[m[K();
[1.381s]       |                     [01;31m[K^~~~~~~~~~~~~~~~~~~~~~~~~~~~~~~~~[m[K
[1.381s] [01m[K/home/leyla/Desktop/clase1/ejemplo1_ws/src/cpp_pubsub/src/pub.cpp:29:54:[m[K [01;31m[Kerror: [m[Kno matching function for call to â€˜[01m[Kmake_unique<<expression error> >()[m[Kâ€™
[1.381s]    29 |     auto msg = [01;31m[Kstd::make_unique<std_msg::msg::String>()[m[K;
[1.381s]       |                [01;31m[K~~~~~~~~~~~~~~~~~~~~~~~~~~~~~~~~~~~~~~^~[m[K
[1.381s] In file included from [01m[K/usr/include/c++/11/memory:76[m[K,
[1.381s]                  from [01m[K/home/leyla/Desktop/clase1/ejemplo1_ws/src/cpp_pubsub/src/pub.cpp:3[m[K:
[1.381s] [01m[K/usr/include/c++/11/bits/unique_ptr.h:961:5:[m[K [01;36m[Knote: [m[Kcandidate: â€˜[01m[Ktemplate<class _Tp, class ... _Args> typename std::_MakeUniq<_Tp>::__single_object std::make_unique(_Args&& ...)[m[Kâ€™
[1.381s]   961 |     [01;36m[Kmake_unique[m[K(_Args&&... __args)
[1.381s]       |     [01;36m[K^~~~~~~~~~~[m[K
[1.381s] [01m[K/usr/include/c++/11/bits/unique_ptr.h:961:5:[m[K [01;36m[Knote: [m[K  template argument deduction/substitution failed:
[1.381s] [01m[K/home/leyla/Desktop/clase1/ejemplo1_ws/src/cpp_pubsub/src/pub.cpp:29:54:[m[K [01;31m[Kerror: [m[Ktemplate argument 1 is invalid
[1.381s]    29 |     auto msg = [01;31m[Kstd::make_unique<std_msg::msg::String>()[m[K;
[1.381s]       |                [01;31m[K~~~~~~~~~~~~~~~~~~~~~~~~~~~~~~~~~~~~~~^~[m[K
[1.381s] In file included from [01m[K/usr/include/c++/11/memory:76[m[K,
[1.381s]                  from [01m[K/home/leyla/Desktop/clase1/ejemplo1_ws/src/cpp_pubsub/src/pub.cpp:3[m[K:
[1.381s] [01m[K/usr/include/c++/11/bits/unique_ptr.h:967:5:[m[K [01;36m[Knote: [m[Kcandidate: â€˜[01m[Ktemplate<class _Tp> typename std::_MakeUniq<_Tp>::__array std::make_unique(std::size_t)[m[Kâ€™
[1.381s]   967 |     [01;36m[Kmake_unique[m[K(size_t __num)
[1.381s]       |     [01;36m[K^~~~~~~~~~~[m[K
[1.382s] [01m[K/usr/include/c++/11/bits/unique_ptr.h:967:5:[m[K [01;36m[Knote: [m[K  template argument deduction/substitution failed:
[1.382s] [01m[K/home/leyla/Desktop/clase1/ejemplo1_ws/src/cpp_pubsub/src/pub.cpp:29:54:[m[K [01;31m[Kerror: [m[Ktemplate argument 1 is invalid
[1.382s]    29 |     auto msg = [01;31m[Kstd::make_unique<std_msg::msg::String>()[m[K;
[1.382s]       |                [01;31m[K~~~~~~~~~~~~~~~~~~~~~~~~~~~~~~~~~~~~~~^~[m[K
[1.382s] In file included from [01m[K/usr/include/c++/11/memory:76[m[K,
[1.382s]                  from [01m[K/home/leyla/Desktop/clase1/ejemplo1_ws/src/cpp_pubsub/src/pub.cpp:3[m[K:
[1.382s] [01m[K/usr/include/c++/11/bits/unique_ptr.h:973:5:[m[K [01;36m[Knote: [m[Kcandidate: â€˜[01m[Ktemplate<class _Tp, class ... _Args> typename std::_MakeUniq<_Tp>::__invalid_type std::make_unique(_Args&& ...)[m[Kâ€™ (deleted)
[1.382s]   973 |     [01;36m[Kmake_unique[m[K(_Args&&...) = delete;
[1.382s]       |     [01;36m[K^~~~~~~~~~~[m[K
[1.382s] [01m[K/usr/include/c++/11/bits/unique_ptr.h:973:5:[m[K [01;36m[Knote: [m[K  template argument deduction/substitution failed:
[1.382s] [01m[K/home/leyla/Desktop/clase1/ejemplo1_ws/src/cpp_pubsub/src/pub.cpp:29:54:[m[K [01;31m[Kerror: [m[Ktemplate argument 1 is invalid
[1.382s]    29 |     auto msg = [01;31m[Kstd::make_unique<std_msg::msg::String>()[m[K;
[1.382s]       |                [01;31m[K~~~~~~~~~~~~~~~~~~~~~~~~~~~~~~~~~~~~~~^~[m[K
[1.725s] gmake[2]: *** [CMakeFiles/pub_c.dir/build.make:76: CMakeFiles/pub_c.dir/src/pub.cpp.o] Error 1
[1.725s] gmake[1]: *** [CMakeFiles/Makefile2:137: CMakeFiles/pub_c.dir/all] Error 2
[1.725s] gmake: *** [Makefile:146: all] Error 2
[1.727s] Invoked command in '/home/leyla/Desktop/clase1/ejemplo1_ws/build/cpp_pubsub' returned '2': CMAKE_PREFIX_PATH=${CMAKE_PREFIX_PATH}:/home/leyla/Desktop/clase1/ejemplo1_ws/install/my_package_class:/home/leyla/Desktop/robotica_ws/install/my_package:/opt/ros/humble /usr/bin/cmake --build /home/leyla/Desktop/clase1/ejemplo1_ws/build/cpp_pubsub -- -j20 -l20
